2024-10-04 14:40:54,580:INFO: /home/lwj/TransFetch/traces/cc-14.txt.xz
2024-10-04 14:41:40,511:INFO: -------------Data Proccessed------------
2024-10-04 14:41:41,953:INFO: Epoch: 1 - loss: 0.4325965494 - test_loss: 0.2624166976
2024-10-04 14:41:41,956:INFO: -------- Save Best Model! --------
2024-10-04 14:41:43,175:INFO: Epoch: 2 - loss: 0.1900937305 - test_loss: 0.1437217935
2024-10-04 14:41:43,178:INFO: -------- Save Best Model! --------
2024-10-04 14:41:44,403:INFO: Epoch: 3 - loss: 0.1174513574 - test_loss: 0.1039157343
2024-10-04 14:41:44,406:INFO: -------- Save Best Model! --------
2024-10-04 14:41:45,624:INFO: Epoch: 4 - loss: 0.0908763599 - test_loss: 0.0874452763
2024-10-04 14:41:45,628:INFO: -------- Save Best Model! --------
2024-10-04 14:41:46,841:INFO: Epoch: 5 - loss: 0.0789652074 - test_loss: 0.0794179843
2024-10-04 14:41:46,844:INFO: -------- Save Best Model! --------
2024-10-04 14:41:48,071:INFO: Epoch: 6 - loss: 0.0728305972 - test_loss: 0.0748506602
2024-10-04 14:41:48,075:INFO: -------- Save Best Model! --------
2024-10-04 14:41:49,276:INFO: Epoch: 7 - loss: 0.0688117711 - test_loss: 0.0698442081
2024-10-04 14:41:49,279:INFO: -------- Save Best Model! --------
2024-10-04 14:41:50,504:INFO: Epoch: 8 - loss: 0.0637959012 - test_loss: 0.0658034118
2024-10-04 14:41:50,507:INFO: -------- Save Best Model! --------
2024-10-04 14:41:51,716:INFO: Epoch: 9 - loss: 0.0605757916 - test_loss: 0.0635611878
2024-10-04 14:41:51,719:INFO: -------- Save Best Model! --------
2024-10-04 14:41:52,922:INFO: Epoch: 10 - loss: 0.0585071144 - test_loss: 0.0616379549
2024-10-04 14:41:52,925:INFO: -------- Save Best Model! --------
2024-10-04 14:41:54,129:INFO: Epoch: 11 - loss: 0.0569090365 - test_loss: 0.0610691300
2024-10-04 14:41:54,133:INFO: -------- Save Best Model! --------
2024-10-04 14:41:55,353:INFO: Epoch: 12 - loss: 0.0557830377 - test_loss: 0.0616367611
2024-10-04 14:41:55,353:INFO: Early Stop Left: 4
2024-10-04 14:41:56,535:INFO: Epoch: 13 - loss: 0.0550905153 - test_loss: 0.0591309642
2024-10-04 14:41:56,538:INFO: -------- Save Best Model! --------
2024-10-04 14:41:57,779:INFO: Epoch: 14 - loss: 0.0543083741 - test_loss: 0.0586739286
2024-10-04 14:41:57,782:INFO: -------- Save Best Model! --------
2024-10-04 14:41:58,985:INFO: Epoch: 15 - loss: 0.0538392337 - test_loss: 0.0596554880
2024-10-04 14:41:58,985:INFO: Early Stop Left: 4
2024-10-04 14:42:00,192:INFO: Epoch: 16 - loss: 0.0533958166 - test_loss: 0.0605945200
2024-10-04 14:42:00,192:INFO: Early Stop Left: 3
2024-10-04 14:42:01,403:INFO: Epoch: 17 - loss: 0.0530106742 - test_loss: 0.0593380649
2024-10-04 14:42:01,403:INFO: Early Stop Left: 2
2024-10-04 14:42:02,636:INFO: Epoch: 18 - loss: 0.0528382747 - test_loss: 0.0585494476
2024-10-04 14:42:02,639:INFO: -------- Save Best Model! --------
2024-10-04 14:42:03,854:INFO: Epoch: 19 - loss: 0.0525547072 - test_loss: 0.0579081342
2024-10-04 14:42:03,857:INFO: -------- Save Best Model! --------
2024-10-04 14:42:05,071:INFO: Epoch: 20 - loss: 0.0523343177 - test_loss: 0.0614791132
2024-10-04 14:42:05,071:INFO: Early Stop Left: 4
2024-10-04 14:42:06,278:INFO: Epoch: 21 - loss: 0.0522830160 - test_loss: 0.0612846092
2024-10-04 14:42:06,278:INFO: Early Stop Left: 3
2024-10-04 14:42:07,482:INFO: Epoch: 22 - loss: 0.0521591908 - test_loss: 0.0602498430
2024-10-04 14:42:07,482:INFO: Early Stop Left: 2
2024-10-04 14:42:08,696:INFO: Epoch: 23 - loss: 0.0519144493 - test_loss: 0.0588211472
2024-10-04 14:42:08,696:INFO: Early Stop Left: 1
2024-10-04 14:42:09,933:INFO: Epoch: 24 - loss: 0.0518650682 - test_loss: 0.0591013341
2024-10-04 14:42:09,933:INFO: Early Stop Left: 0
2024-10-04 14:42:09,933:INFO: -------- Early Stop! --------
