2024-10-08 15:34:02,832:INFO: /home/lwj/TransFetch/traces/654.roms-s7.txt
2024-10-08 15:34:26,716:INFO: -------------Data Proccessed------------
2024-10-08 15:34:28,233:INFO: Epoch: 1 - loss: 0.4949757632 - test_loss: 0.4047348086
2024-10-08 15:34:28,240:INFO: -------- Save Best Model! --------
2024-10-08 15:34:29,505:INFO: Epoch: 2 - loss: 0.3886679076 - test_loss: 0.3831861818
2024-10-08 15:34:29,509:INFO: -------- Save Best Model! --------
2024-10-08 15:34:30,764:INFO: Epoch: 3 - loss: 0.3776184552 - test_loss: 0.3725640950
2024-10-08 15:34:30,767:INFO: -------- Save Best Model! --------
2024-10-08 15:34:32,053:INFO: Epoch: 4 - loss: 0.3602727897 - test_loss: 0.3573504300
2024-10-08 15:34:32,057:INFO: -------- Save Best Model! --------
2024-10-08 15:34:33,321:INFO: Epoch: 5 - loss: 0.3489478651 - test_loss: 0.3522630456
2024-10-08 15:34:33,325:INFO: -------- Save Best Model! --------
2024-10-08 15:34:34,573:INFO: Epoch: 6 - loss: 0.3436916994 - test_loss: 0.3469755805
2024-10-08 15:34:34,579:INFO: -------- Save Best Model! --------
2024-10-08 15:34:36,173:INFO: Epoch: 7 - loss: 0.3387121979 - test_loss: 0.3449594189
2024-10-08 15:34:36,179:INFO: -------- Save Best Model! --------
2024-10-08 15:34:38,116:INFO: Epoch: 8 - loss: 0.3306794607 - test_loss: 0.3340505941
2024-10-08 15:34:38,122:INFO: -------- Save Best Model! --------
2024-10-08 15:34:40,034:INFO: Epoch: 9 - loss: 0.3261968222 - test_loss: 0.3402639675
2024-10-08 15:34:40,034:INFO: Early Stop Left: 4
2024-10-08 15:34:41,887:INFO: Epoch: 10 - loss: 0.3186809709 - test_loss: 0.3335581821
2024-10-08 15:34:41,892:INFO: -------- Save Best Model! --------
2024-10-08 15:34:43,822:INFO: Epoch: 11 - loss: 0.3082631532 - test_loss: 0.3363520909
2024-10-08 15:34:43,822:INFO: Early Stop Left: 4
2024-10-08 15:34:45,743:INFO: Epoch: 12 - loss: 0.3014907247 - test_loss: 0.3526589633
2024-10-08 15:34:45,743:INFO: Early Stop Left: 3
2024-10-08 15:34:47,667:INFO: Epoch: 13 - loss: 0.2976802170 - test_loss: 0.3542135920
2024-10-08 15:34:47,667:INFO: Early Stop Left: 2
2024-10-08 15:34:49,615:INFO: Epoch: 14 - loss: 0.2923311879 - test_loss: 0.3692034375
2024-10-08 15:34:49,615:INFO: Early Stop Left: 1
2024-10-08 15:34:51,491:INFO: Epoch: 15 - loss: 0.2870352762 - test_loss: 0.3832543838
2024-10-08 15:34:51,491:INFO: Early Stop Left: 0
2024-10-08 15:34:51,491:INFO: -------- Early Stop! --------
2024-10-08 16:06:50,711:INFO: /home/lwj/TransFetch/traces/654.roms-s7.txt
2024-10-08 16:08:05,929:INFO: -------------Data Proccessed------------
2024-10-08 16:08:05,942:INFO: -------------Model Loaded------------
2024-10-08 16:08:09,519:INFO: Epoch: 1 - loss: 0.3498596860 - test_loss: 0.4066221950
2024-10-08 16:08:09,523:INFO: -------- Save Best Model! --------
2024-10-08 16:08:12,913:INFO: Epoch: 2 - loss: 0.3380226974 - test_loss: 0.4032571992
2024-10-08 16:08:12,916:INFO: -------- Save Best Model! --------
2024-10-08 16:08:16,280:INFO: Epoch: 3 - loss: 0.3315443575 - test_loss: 0.4068891450
2024-10-08 16:08:16,281:INFO: Early Stop Left: 4
2024-10-08 16:08:19,625:INFO: Epoch: 4 - loss: 0.3260274394 - test_loss: 0.3964912869
2024-10-08 16:08:19,629:INFO: -------- Save Best Model! --------
2024-10-08 16:08:22,970:INFO: Epoch: 5 - loss: 0.3214796033 - test_loss: 0.3985388662
2024-10-08 16:08:22,970:INFO: Early Stop Left: 4
2024-10-08 16:08:26,227:INFO: Epoch: 6 - loss: 0.3166305945 - test_loss: 0.3971703783
2024-10-08 16:08:26,228:INFO: Early Stop Left: 3
2024-10-08 16:08:29,322:INFO: Epoch: 7 - loss: 0.3127540418 - test_loss: 0.3949873927
2024-10-08 16:08:29,326:INFO: -------- Save Best Model! --------
2024-10-08 16:08:32,636:INFO: Epoch: 8 - loss: 0.3086531433 - test_loss: 0.3975693084
2024-10-08 16:08:32,637:INFO: Early Stop Left: 4
2024-10-08 16:08:35,862:INFO: Epoch: 9 - loss: 0.3050553606 - test_loss: 0.3994294006
2024-10-08 16:08:35,862:INFO: Early Stop Left: 3
2024-10-08 16:08:38,917:INFO: Epoch: 10 - loss: 0.3023286460 - test_loss: 0.3956084443
2024-10-08 16:08:38,917:INFO: Early Stop Left: 2
2024-10-08 16:08:43,084:INFO: Epoch: 11 - loss: 0.2986712102 - test_loss: 0.3982473366
2024-10-08 16:08:43,084:INFO: Early Stop Left: 1
2024-10-08 16:08:48,122:INFO: Epoch: 12 - loss: 0.2955543968 - test_loss: 0.3982827736
2024-10-08 16:08:48,122:INFO: Early Stop Left: 0
2024-10-08 16:08:48,122:INFO: -------- Early Stop! --------
2024-10-08 19:10:33,130:INFO: /home/lwj/TransFetch/traces/654.roms-s7.txt
2024-10-08 19:11:48,457:INFO: -------------Data Proccessed------------
2024-10-08 19:11:48,471:INFO: -------------Model Loaded------------
2024-10-08 19:11:51,650:INFO: Epoch: 1 - loss: 0.3044438464 - test_loss: 0.4015843098
2024-10-08 19:11:51,654:INFO: -------- Save Best Model! --------
2024-10-08 19:11:54,776:INFO: Epoch: 2 - loss: 0.2995749291 - test_loss: 0.4011174977
2024-10-08 19:11:54,779:INFO: -------- Save Best Model! --------
2024-10-08 19:11:57,985:INFO: Epoch: 3 - loss: 0.2973070785 - test_loss: 0.4091974099
2024-10-08 19:11:57,985:INFO: Early Stop Left: 4
2024-10-08 19:12:01,322:INFO: Epoch: 4 - loss: 0.2947860443 - test_loss: 0.4140630906
2024-10-08 19:12:01,322:INFO: Early Stop Left: 3
2024-10-08 19:12:04,517:INFO: Epoch: 5 - loss: 0.2915832651 - test_loss: 0.4096774351
2024-10-08 19:12:04,517:INFO: Early Stop Left: 2
2024-10-08 19:12:07,540:INFO: Epoch: 6 - loss: 0.2900668030 - test_loss: 0.4242079535
2024-10-08 19:12:07,540:INFO: Early Stop Left: 1
2024-10-08 19:12:10,710:INFO: Epoch: 7 - loss: 0.2869826261 - test_loss: 0.4276845205
2024-10-08 19:12:10,710:INFO: Early Stop Left: 0
2024-10-08 19:12:10,710:INFO: -------- Early Stop! --------
2024-10-16 09:04:25,306:INFO: /home/lwj/MLPrefetcher/transfetch/traces/654.roms-s7.txt
2024-10-16 09:05:40,687:INFO: -------------Data Proccessed------------
2024-10-16 09:05:40,702:INFO: -------------Model Loaded------------
2024-10-16 09:05:44,082:INFO: Epoch: 1 - loss: 0.2977069699 - test_loss: 0.4061098779
2024-10-16 09:05:44,086:INFO: -------- Save Best Model! --------
2024-10-16 09:05:47,208:INFO: Epoch: 2 - loss: 0.2943344591 - test_loss: 0.4090021887
2024-10-16 09:05:47,208:INFO: Early Stop Left: 4
2024-10-16 09:05:50,360:INFO: Epoch: 3 - loss: 0.2919206642 - test_loss: 0.4091025059
2024-10-16 09:05:50,360:INFO: Early Stop Left: 3
2024-10-16 09:05:53,476:INFO: Epoch: 4 - loss: 0.2902546656 - test_loss: 0.4155339861
2024-10-16 09:05:53,476:INFO: Early Stop Left: 2
2024-10-16 09:05:56,603:INFO: Epoch: 5 - loss: 0.2871163286 - test_loss: 0.4198643602
2024-10-16 09:05:56,603:INFO: Early Stop Left: 1
2024-10-16 09:05:59,782:INFO: Epoch: 6 - loss: 0.2856449902 - test_loss: 0.4307280607
2024-10-16 09:05:59,782:INFO: Early Stop Left: 0
2024-10-16 09:05:59,783:INFO: -------- Early Stop! --------
